{"timestamp":"2026-02-12T14:11:55.895Z","level":"info","message":"Checking VIX..."}
{"timestamp":"2026-02-12T14:11:55.896Z","level":"info","message":"VIX: 20 (threshold: 25)","acceptable":true}
{"timestamp":"2026-02-12T14:11:55.896Z","level":"info","message":"Loading risk state..."}
{"timestamp":"2026-02-12T14:11:55.957Z","level":"info","message":"Risk state: 0 consecutive losses, $0 daily P&L"}
{"timestamp":"2026-02-12T14:11:55.957Z","level":"info","message":"Checking daily trade limit..."}
{"timestamp":"2026-02-12T14:11:55.957Z","level":"info","message":"Trades today: 0/5 (remaining: 5)"}
{"timestamp":"2026-02-12T14:11:55.958Z","level":"info","message":"Loading Mika's active signals..."}
{"timestamp":"2026-02-12T14:11:55.959Z","level":"info","message":"Reviewing existing positions..."}
{"timestamp":"2026-02-12T14:11:55.959Z","level":"info","message":"Report saved: /Users/nagomi/.openclaw/workspace/projects/nagomi-capital/memory/hourly-check-1770905515959.json"}
{"timestamp":"2026-02-12T14:31:08.731Z","level":"info","message":"Checking VIX..."}
{"timestamp":"2026-02-12T14:31:08.732Z","level":"info","message":"VIX: 20 (threshold: 25)","acceptable":true}
{"timestamp":"2026-02-12T14:31:08.732Z","level":"info","message":"Loading risk state..."}
{"timestamp":"2026-02-12T14:31:08.737Z","level":"info","message":"Risk state: 0 consecutive losses, $0 daily P&L"}
{"timestamp":"2026-02-12T14:31:08.737Z","level":"info","message":"Checking daily trade limit..."}
{"timestamp":"2026-02-12T14:31:08.737Z","level":"info","message":"Trades today: 0/5 (remaining: 5)"}
{"timestamp":"2026-02-12T14:31:08.737Z","level":"info","message":"Loading Mika's active signals..."}
{"timestamp":"2026-02-12T14:31:08.739Z","level":"info","message":"Reviewing existing positions..."}
{"timestamp":"2026-02-12T14:31:08.739Z","level":"info","message":"Report saved: /Users/nagomi/.openclaw/workspace/projects/nagomi-capital/memory/hourly-check-1770906668739.json"}
{"timestamp":"2026-02-12T15:05:14.885Z","level":"info","message":"Checking VIX..."}
{"timestamp":"2026-02-12T15:05:14.886Z","level":"info","message":"VIX: 20 (threshold: 25)","acceptable":true}
{"timestamp":"2026-02-12T15:05:14.886Z","level":"info","message":"Loading risk state..."}
{"timestamp":"2026-02-12T15:05:14.889Z","level":"info","message":"Risk state: 0 consecutive losses, $0 daily P&L"}
{"timestamp":"2026-02-12T15:05:14.889Z","level":"info","message":"Checking daily trade limit..."}
{"timestamp":"2026-02-12T15:05:14.889Z","level":"info","message":"Trades today: 0/5 (remaining: 5)"}
{"timestamp":"2026-02-12T15:05:14.889Z","level":"info","message":"Loading Mika's active signals..."}
{"timestamp":"2026-02-12T15:05:14.890Z","level":"info","message":"Reviewing existing positions..."}
{"timestamp":"2026-02-12T15:05:14.890Z","level":"info","message":"Report saved: /Users/nagomi/.openclaw/workspace/projects/nagomi-capital/memory/hourly-check-1770908714890.json"}
{"timestamp":"2026-02-12T15:32:53.727Z","level":"info","message":"Checking VIX..."}
{"timestamp":"2026-02-12T15:32:53.728Z","level":"info","message":"VIX: 20 (threshold: 25)","acceptable":true}
{"timestamp":"2026-02-12T15:32:53.728Z","level":"info","message":"Loading risk state..."}
{"timestamp":"2026-02-12T15:32:53.731Z","level":"info","message":"Risk state: 0 consecutive losses, $0 daily P&L"}
{"timestamp":"2026-02-12T15:32:53.731Z","level":"info","message":"Checking daily trade limit..."}
{"timestamp":"2026-02-12T15:32:53.731Z","level":"info","message":"Trades today: 0/5 (remaining: 5)"}
{"timestamp":"2026-02-12T15:32:53.731Z","level":"info","message":"Loading Mika's active signals..."}
{"timestamp":"2026-02-12T15:32:53.732Z","level":"info","message":"Reviewing existing positions..."}
{"timestamp":"2026-02-12T15:32:53.732Z","level":"info","message":"Report saved: /Users/nagomi/.openclaw/workspace/projects/nagomi-capital/memory/hourly-check-1770910373732.json"}
{"timestamp":"2026-02-12T16:04:02.969Z","level":"info","message":"Checking VIX..."}
{"timestamp":"2026-02-12T16:04:02.970Z","level":"info","message":"VIX: 20 (threshold: 25)","acceptable":true}
{"timestamp":"2026-02-12T16:04:02.970Z","level":"info","message":"Loading risk state..."}
{"timestamp":"2026-02-12T16:04:02.974Z","level":"info","message":"Risk state: 0 consecutive losses, $0 daily P&L"}
{"timestamp":"2026-02-12T16:04:02.974Z","level":"info","message":"Checking daily trade limit..."}
{"timestamp":"2026-02-12T16:04:02.974Z","level":"info","message":"Trades today: 0/5 (remaining: 5)"}
{"timestamp":"2026-02-12T16:04:02.974Z","level":"info","message":"Loading Mika's active signals..."}
{"timestamp":"2026-02-12T16:04:02.975Z","level":"info","message":"Reviewing existing positions..."}
{"timestamp":"2026-02-12T16:04:02.975Z","level":"info","message":"Report saved: /Users/nagomi/.openclaw/workspace/projects/nagomi-capital/memory/hourly-check-1770912242975.json"}
{"timestamp":"2026-02-12T16:32:08.626Z","level":"info","message":"Checking VIX..."}
{"timestamp":"2026-02-12T16:32:08.627Z","level":"info","message":"VIX: 20 (threshold: 25)","acceptable":true}
{"timestamp":"2026-02-12T16:32:08.627Z","level":"info","message":"Loading risk state..."}
{"timestamp":"2026-02-12T16:32:08.631Z","level":"info","message":"Risk state: 0 consecutive losses, $0 daily P&L"}
{"timestamp":"2026-02-12T16:32:08.631Z","level":"info","message":"Checking daily trade limit..."}
{"timestamp":"2026-02-12T16:32:08.631Z","level":"info","message":"Trades today: 0/5 (remaining: 5)"}
{"timestamp":"2026-02-12T16:32:08.631Z","level":"info","message":"Loading Mika's active signals..."}
{"timestamp":"2026-02-12T16:32:08.632Z","level":"info","message":"Reviewing existing positions..."}
{"timestamp":"2026-02-12T16:32:08.632Z","level":"info","message":"Report saved: /Users/nagomi/.openclaw/workspace/projects/nagomi-capital/memory/hourly-check-1770913928632.json"}
{"timestamp":"2026-02-12T17:31:30.848Z","level":"info","message":"Checking VIX..."}
{"timestamp":"2026-02-12T17:31:30.849Z","level":"info","message":"VIX: 20 (threshold: 25)","acceptable":true}
{"timestamp":"2026-02-12T17:31:30.849Z","level":"info","message":"Loading risk state..."}
{"timestamp":"2026-02-12T17:31:30.850Z","level":"info","message":"Risk state: 0 consecutive losses, $0 daily P&L"}
{"timestamp":"2026-02-12T17:31:30.851Z","level":"info","message":"Checking daily trade limit..."}
{"timestamp":"2026-02-12T17:31:30.851Z","level":"info","message":"Trades today: 0/5 (remaining: 5)"}
{"timestamp":"2026-02-12T17:31:30.851Z","level":"info","message":"Loading Mika's active signals..."}
{"timestamp":"2026-02-12T17:31:30.851Z","level":"info","message":"Reviewing existing positions..."}
{"timestamp":"2026-02-12T17:31:30.851Z","level":"info","message":"Report saved: /Users/nagomi/.openclaw/workspace/projects/nagomi-capital/memory/hourly-check-1770917490851.json"}
{"timestamp":"2026-02-12T18:09:43.251Z","level":"info","message":"Checking VIX..."}
{"timestamp":"2026-02-12T18:09:43.252Z","level":"info","message":"VIX: 20 (threshold: 25)","acceptable":true}
{"timestamp":"2026-02-12T18:09:43.252Z","level":"info","message":"Loading risk state..."}
{"timestamp":"2026-02-12T18:09:43.255Z","level":"info","message":"Risk state: 0 consecutive losses, $0 daily P&L"}
{"timestamp":"2026-02-12T18:09:43.255Z","level":"info","message":"Checking daily trade limit..."}
{"timestamp":"2026-02-12T18:09:43.255Z","level":"info","message":"Trades today: 0/5 (remaining: 5)"}
{"timestamp":"2026-02-12T18:09:43.255Z","level":"info","message":"Loading Mika's active signals..."}
{"timestamp":"2026-02-12T18:09:43.256Z","level":"info","message":"Reviewing existing positions..."}
{"timestamp":"2026-02-12T18:09:43.256Z","level":"info","message":"Report saved: /Users/nagomi/.openclaw/workspace/projects/nagomi-capital/memory/hourly-check-1770919783256.json"}
{"timestamp":"2026-02-12T18:31:08.326Z","level":"info","message":"Checking VIX..."}
{"timestamp":"2026-02-12T18:31:08.326Z","level":"info","message":"VIX: 20 (threshold: 25)","acceptable":true}
{"timestamp":"2026-02-12T18:31:08.327Z","level":"info","message":"Loading risk state..."}
{"timestamp":"2026-02-12T18:31:08.328Z","level":"info","message":"Risk state: 0 consecutive losses, $0 daily P&L"}
{"timestamp":"2026-02-12T18:31:08.328Z","level":"info","message":"Checking daily trade limit..."}
{"timestamp":"2026-02-12T18:31:08.328Z","level":"info","message":"Trades today: 0/5 (remaining: 5)"}
{"timestamp":"2026-02-12T18:31:08.328Z","level":"info","message":"Loading Mika's active signals..."}
{"timestamp":"2026-02-12T18:31:08.329Z","level":"info","message":"Reviewing existing positions..."}
{"timestamp":"2026-02-12T18:31:08.329Z","level":"info","message":"Report saved: /Users/nagomi/.openclaw/workspace/projects/nagomi-capital/memory/hourly-check-1770921068329.json"}
{"timestamp":"2026-02-12T19:02:53.651Z","level":"info","message":"Checking VIX..."}
{"timestamp":"2026-02-12T19:02:53.652Z","level":"info","message":"VIX: 20 (threshold: 25)","acceptable":true}
{"timestamp":"2026-02-12T19:02:53.652Z","level":"info","message":"Loading risk state..."}
{"timestamp":"2026-02-12T19:02:53.655Z","level":"info","message":"Risk state: 0 consecutive losses, $0 daily P&L"}
{"timestamp":"2026-02-12T19:02:53.655Z","level":"info","message":"Checking daily trade limit..."}
{"timestamp":"2026-02-12T19:02:53.655Z","level":"info","message":"Trades today: 0/5 (remaining: 5)"}
{"timestamp":"2026-02-12T19:02:53.655Z","level":"info","message":"Loading Mika's active signals..."}
{"timestamp":"2026-02-12T19:02:53.656Z","level":"info","message":"Reviewing existing positions..."}
{"timestamp":"2026-02-12T19:02:53.656Z","level":"info","message":"Report saved: /Users/nagomi/.openclaw/workspace/projects/nagomi-capital/memory/hourly-check-1770922973656.json"}
{"timestamp":"2026-02-12T19:31:24.016Z","level":"info","message":"Checking VIX..."}
{"timestamp":"2026-02-12T19:31:24.016Z","level":"info","message":"VIX: 20 (threshold: 25)","acceptable":true}
{"timestamp":"2026-02-12T19:31:24.016Z","level":"info","message":"Loading risk state..."}
{"timestamp":"2026-02-12T19:31:24.024Z","level":"info","message":"Risk state: 0 consecutive losses, $0 daily P&L"}
{"timestamp":"2026-02-12T19:31:24.024Z","level":"info","message":"Checking daily trade limit..."}
{"timestamp":"2026-02-12T19:31:24.024Z","level":"info","message":"Trades today: 0/5 (remaining: 5)"}
{"timestamp":"2026-02-12T19:31:24.025Z","level":"info","message":"Loading Mika's active signals..."}
{"timestamp":"2026-02-12T19:31:24.027Z","level":"info","message":"Reviewing existing positions..."}
{"timestamp":"2026-02-12T19:31:24.027Z","level":"info","message":"Report saved: /Users/nagomi/.openclaw/workspace/projects/nagomi-capital/memory/hourly-check-1770924684027.json"}
{"timestamp":"2026-02-12T20:03:29.613Z","level":"info","message":"Checking VIX..."}
{"timestamp":"2026-02-12T20:03:29.613Z","level":"info","message":"VIX: 20 (threshold: 25)","acceptable":true}
{"timestamp":"2026-02-12T20:03:29.613Z","level":"info","message":"Loading risk state..."}
{"timestamp":"2026-02-12T20:03:29.620Z","level":"info","message":"Risk state: 0 consecutive losses, $0 daily P&L"}
{"timestamp":"2026-02-12T20:03:29.620Z","level":"info","message":"Checking daily trade limit..."}
{"timestamp":"2026-02-12T20:03:29.620Z","level":"info","message":"Trades today: 0/5 (remaining: 5)"}
{"timestamp":"2026-02-12T20:03:29.620Z","level":"info","message":"Loading Mika's active signals..."}
{"timestamp":"2026-02-12T20:03:29.622Z","level":"info","message":"Reviewing existing positions..."}
{"timestamp":"2026-02-12T20:03:29.622Z","level":"info","message":"Report saved: /Users/nagomi/.openclaw/workspace/projects/nagomi-capital/memory/hourly-check-1770926609622.json"}
{"timestamp":"2026-02-12T20:31:12.322Z","level":"info","message":"Checking VIX..."}
{"timestamp":"2026-02-12T20:31:12.322Z","level":"info","message":"VIX: 20 (threshold: 25)","acceptable":true}
{"timestamp":"2026-02-12T20:31:12.322Z","level":"info","message":"Loading risk state..."}
{"timestamp":"2026-02-12T20:31:12.329Z","level":"info","message":"Risk state: 0 consecutive losses, $0 daily P&L"}
{"timestamp":"2026-02-12T20:31:12.329Z","level":"info","message":"Checking daily trade limit..."}
{"timestamp":"2026-02-12T20:31:12.329Z","level":"info","message":"Trades today: 0/5 (remaining: 5)"}
{"timestamp":"2026-02-12T20:31:12.329Z","level":"info","message":"Loading Mika's active signals..."}
{"timestamp":"2026-02-12T20:31:12.331Z","level":"info","message":"Reviewing existing positions..."}
{"timestamp":"2026-02-12T20:31:12.332Z","level":"info","message":"Report saved: /Users/nagomi/.openclaw/workspace/projects/nagomi-capital/memory/hourly-check-1770928272331.json"}
{"timestamp":"2026-02-13T14:04:39.966Z","level":"info","message":"Checking VIX..."}
{"timestamp":"2026-02-13T14:04:39.966Z","level":"info","message":"VIX: 20 (threshold: 25)","acceptable":true}
{"timestamp":"2026-02-13T14:04:39.967Z","level":"info","message":"Loading risk state..."}
{"timestamp":"2026-02-13T14:04:39.979Z","level":"info","message":"Risk state: 0 consecutive losses, $0 daily P&L"}
{"timestamp":"2026-02-13T14:04:39.979Z","level":"info","message":"Checking daily trade limit..."}
{"timestamp":"2026-02-13T14:04:39.980Z","level":"info","message":"Trades today: 0/5 (remaining: 5)"}
{"timestamp":"2026-02-13T14:04:39.980Z","level":"info","message":"Loading Mika's active signals..."}
{"timestamp":"2026-02-13T14:04:39.982Z","level":"info","message":"Reviewing existing positions..."}
{"timestamp":"2026-02-13T14:04:39.982Z","level":"info","message":"Report saved: /Users/nagomi/.openclaw/workspace/projects/nagomi-capital/memory/hourly-check-1770991479982.json"}
{"timestamp":"2026-02-13T14:31:32.155Z","level":"info","message":"Checking VIX..."}
{"timestamp":"2026-02-13T14:31:32.155Z","level":"info","message":"VIX: 20 (threshold: 25)","acceptable":true}
{"timestamp":"2026-02-13T14:31:32.155Z","level":"info","message":"Loading risk state..."}
{"timestamp":"2026-02-13T14:31:32.157Z","level":"info","message":"Risk state: 0 consecutive losses, $0 daily P&L"}
{"timestamp":"2026-02-13T14:31:32.157Z","level":"info","message":"Checking daily trade limit..."}
{"timestamp":"2026-02-13T14:31:32.157Z","level":"info","message":"Trades today: 0/5 (remaining: 5)"}
{"timestamp":"2026-02-13T14:31:32.157Z","level":"info","message":"Loading Mika's active signals..."}
{"timestamp":"2026-02-13T14:31:32.157Z","level":"info","message":"Reviewing existing positions..."}
{"timestamp":"2026-02-13T14:31:32.157Z","level":"info","message":"Report saved: /Users/nagomi/.openclaw/workspace/projects/nagomi-capital/memory/hourly-check-1770993092157.json"}
{"timestamp":"2026-02-13T15:04:05.015Z","level":"info","message":"Checking VIX..."}
{"timestamp":"2026-02-13T15:04:05.016Z","level":"info","message":"VIX: 20 (threshold: 25)","acceptable":true}
{"timestamp":"2026-02-13T15:04:05.016Z","level":"info","message":"Loading risk state..."}
{"timestamp":"2026-02-13T15:04:05.017Z","level":"info","message":"Risk state: 0 consecutive losses, $0 daily P&L"}
{"timestamp":"2026-02-13T15:04:05.017Z","level":"info","message":"Checking daily trade limit..."}
{"timestamp":"2026-02-13T15:04:05.017Z","level":"info","message":"Trades today: 0/5 (remaining: 5)"}
{"timestamp":"2026-02-13T15:04:05.018Z","level":"info","message":"Loading Mika's active signals..."}
{"timestamp":"2026-02-13T15:04:05.018Z","level":"info","message":"Reviewing existing positions..."}
{"timestamp":"2026-02-13T15:04:05.018Z","level":"info","message":"Report saved: /Users/nagomi/.openclaw/workspace/projects/nagomi-capital/memory/hourly-check-1770995045018.json"}
{"timestamp":"2026-02-13T15:31:48.477Z","level":"info","message":"Checking VIX..."}
{"timestamp":"2026-02-13T15:31:48.477Z","level":"info","message":"VIX: 20 (threshold: 25)","acceptable":true}
{"timestamp":"2026-02-13T15:31:48.478Z","level":"info","message":"Loading risk state..."}
{"timestamp":"2026-02-13T15:31:48.479Z","level":"info","message":"Risk state: 0 consecutive losses, $0 daily P&L"}
{"timestamp":"2026-02-13T15:31:48.479Z","level":"info","message":"Checking daily trade limit..."}
{"timestamp":"2026-02-13T15:31:48.479Z","level":"info","message":"Trades today: 0/5 (remaining: 5)"}
{"timestamp":"2026-02-13T15:31:48.479Z","level":"info","message":"Loading Mika's active signals..."}
{"timestamp":"2026-02-13T15:31:48.480Z","level":"info","message":"Reviewing existing positions..."}
{"timestamp":"2026-02-13T15:31:48.480Z","level":"info","message":"Report saved: /Users/nagomi/.openclaw/workspace/projects/nagomi-capital/memory/hourly-check-1770996708480.json"}
{"timestamp":"2026-02-13T16:04:05.452Z","level":"info","message":"Checking VIX..."}
{"timestamp":"2026-02-13T16:04:05.453Z","level":"info","message":"VIX: 20 (threshold: 25)","acceptable":true}
{"timestamp":"2026-02-13T16:04:05.453Z","level":"info","message":"Loading risk state..."}
{"timestamp":"2026-02-13T16:04:05.454Z","level":"info","message":"Risk state: 0 consecutive losses, $0 daily P&L"}
{"timestamp":"2026-02-13T16:04:05.454Z","level":"info","message":"Checking daily trade limit..."}
{"timestamp":"2026-02-13T16:04:05.455Z","level":"info","message":"Trades today: 0/5 (remaining: 5)"}
{"timestamp":"2026-02-13T16:04:05.455Z","level":"info","message":"Loading Mika's active signals..."}
{"timestamp":"2026-02-13T16:04:05.455Z","level":"info","message":"Reviewing existing positions..."}
{"timestamp":"2026-02-13T16:04:05.455Z","level":"info","message":"Report saved: /Users/nagomi/.openclaw/workspace/projects/nagomi-capital/memory/hourly-check-1770998645455.json"}
{"timestamp":"2026-02-13T16:36:20.486Z","level":"info","message":"Checking VIX..."}
{"timestamp":"2026-02-13T16:36:20.486Z","level":"info","message":"VIX: 20 (threshold: 25)","acceptable":true}
{"timestamp":"2026-02-13T16:36:20.486Z","level":"info","message":"Loading risk state..."}
{"timestamp":"2026-02-13T16:36:20.488Z","level":"info","message":"Risk state: 0 consecutive losses, $0 daily P&L"}
{"timestamp":"2026-02-13T16:36:20.488Z","level":"info","message":"Checking daily trade limit..."}
{"timestamp":"2026-02-13T16:36:20.488Z","level":"info","message":"Trades today: 0/5 (remaining: 5)"}
{"timestamp":"2026-02-13T16:36:20.488Z","level":"info","message":"Loading Mika's active signals..."}
{"timestamp":"2026-02-13T16:36:20.489Z","level":"info","message":"Reviewing existing positions..."}
{"timestamp":"2026-02-13T16:36:20.489Z","level":"info","message":"Report saved: /Users/nagomi/.openclaw/workspace/projects/nagomi-capital/memory/hourly-check-1771000580489.json"}
{"timestamp":"2026-02-13T17:04:20.666Z","level":"info","message":"Checking VIX..."}
{"timestamp":"2026-02-13T17:04:20.666Z","level":"info","message":"VIX: 20 (threshold: 25)","acceptable":true}
{"timestamp":"2026-02-13T17:04:20.666Z","level":"info","message":"Loading risk state..."}
{"timestamp":"2026-02-13T17:04:20.668Z","level":"info","message":"Risk state: 0 consecutive losses, $0 daily P&L"}
{"timestamp":"2026-02-13T17:04:20.668Z","level":"info","message":"Checking daily trade limit..."}
{"timestamp":"2026-02-13T17:04:20.668Z","level":"info","message":"Trades today: 0/5 (remaining: 5)"}
{"timestamp":"2026-02-13T17:04:20.668Z","level":"info","message":"Loading Mika's active signals..."}
{"timestamp":"2026-02-13T17:04:20.668Z","level":"info","message":"Reviewing existing positions..."}
{"timestamp":"2026-02-13T17:04:20.668Z","level":"info","message":"Report saved: /Users/nagomi/.openclaw/workspace/projects/nagomi-capital/memory/hourly-check-1771002260668.json"}
{"timestamp":"2026-02-13T17:40:10.070Z","level":"info","message":"Checking VIX..."}
{"timestamp":"2026-02-13T17:40:10.070Z","level":"info","message":"VIX: 20 (threshold: 25)","acceptable":true}
{"timestamp":"2026-02-13T17:40:10.070Z","level":"info","message":"Loading risk state..."}
{"timestamp":"2026-02-13T17:40:10.072Z","level":"info","message":"Risk state: 0 consecutive losses, $0 daily P&L"}
{"timestamp":"2026-02-13T17:40:10.072Z","level":"info","message":"Checking daily trade limit..."}
{"timestamp":"2026-02-13T17:40:10.072Z","level":"info","message":"Trades today: 0/5 (remaining: 5)"}
{"timestamp":"2026-02-13T17:40:10.072Z","level":"info","message":"Loading Mika's active signals..."}
{"timestamp":"2026-02-13T17:40:10.072Z","level":"info","message":"Reviewing existing positions..."}
{"timestamp":"2026-02-13T17:40:10.072Z","level":"info","message":"Report saved: /Users/nagomi/.openclaw/workspace/projects/nagomi-capital/memory/hourly-check-1771004410072.json"}
{"timestamp":"2026-02-13T18:31:34.892Z","level":"info","message":"Checking VIX..."}
{"timestamp":"2026-02-13T18:31:34.892Z","level":"info","message":"VIX: 20 (threshold: 25)","acceptable":true}
{"timestamp":"2026-02-13T18:31:34.892Z","level":"info","message":"Loading risk state..."}
{"timestamp":"2026-02-13T18:31:34.894Z","level":"info","message":"Risk state: 0 consecutive losses, $0 daily P&L"}
{"timestamp":"2026-02-13T18:31:34.894Z","level":"info","message":"Checking daily trade limit..."}
{"timestamp":"2026-02-13T18:31:34.894Z","level":"info","message":"Trades today: 0/5 (remaining: 5)"}
{"timestamp":"2026-02-13T18:31:34.894Z","level":"info","message":"Loading Mika's active signals..."}
{"timestamp":"2026-02-13T18:31:34.895Z","level":"info","message":"Reviewing existing positions..."}
{"timestamp":"2026-02-13T18:31:34.895Z","level":"info","message":"Report saved: /Users/nagomi/.openclaw/workspace/projects/nagomi-capital/memory/hourly-check-1771007494895.json"}
{"timestamp":"2026-02-13T19:04:15.030Z","level":"info","message":"Checking VIX..."}
{"timestamp":"2026-02-13T19:04:15.031Z","level":"info","message":"VIX: 20 (threshold: 25)","acceptable":true}
{"timestamp":"2026-02-13T19:04:15.031Z","level":"info","message":"Loading risk state..."}
{"timestamp":"2026-02-13T19:04:15.034Z","level":"info","message":"Risk state: 0 consecutive losses, $0 daily P&L"}
{"timestamp":"2026-02-13T19:04:15.034Z","level":"info","message":"Checking daily trade limit..."}
{"timestamp":"2026-02-13T19:04:15.034Z","level":"info","message":"Trades today: 0/5 (remaining: 5)"}
{"timestamp":"2026-02-13T19:04:15.034Z","level":"info","message":"Loading Mika's active signals..."}
{"timestamp":"2026-02-13T19:04:15.035Z","level":"info","message":"Reviewing existing positions..."}
{"timestamp":"2026-02-13T19:04:15.035Z","level":"info","message":"Report saved: /Users/nagomi/.openclaw/workspace/projects/nagomi-capital/memory/hourly-check-1771009455035.json"}
{"timestamp":"2026-02-13T19:31:24.361Z","level":"info","message":"Checking VIX..."}
{"timestamp":"2026-02-13T19:31:24.361Z","level":"info","message":"VIX: 20 (threshold: 25)","acceptable":true}
{"timestamp":"2026-02-13T19:31:24.361Z","level":"info","message":"Loading risk state..."}
{"timestamp":"2026-02-13T19:31:24.363Z","level":"info","message":"Risk state: 0 consecutive losses, $0 daily P&L"}
{"timestamp":"2026-02-13T19:31:24.363Z","level":"info","message":"Checking daily trade limit..."}
{"timestamp":"2026-02-13T19:31:24.363Z","level":"info","message":"Trades today: 0/5 (remaining: 5)"}
{"timestamp":"2026-02-13T19:31:24.363Z","level":"info","message":"Loading Mika's active signals..."}
{"timestamp":"2026-02-13T19:31:24.364Z","level":"info","message":"Reviewing existing positions..."}
{"timestamp":"2026-02-13T19:31:24.364Z","level":"info","message":"Report saved: /Users/nagomi/.openclaw/workspace/projects/nagomi-capital/memory/hourly-check-1771011084364.json"}
{"timestamp":"2026-02-13T20:03:32.338Z","level":"info","message":"Checking VIX..."}
{"timestamp":"2026-02-13T20:03:32.338Z","level":"info","message":"VIX: 20 (threshold: 25)","acceptable":true}
{"timestamp":"2026-02-13T20:03:32.338Z","level":"info","message":"Loading risk state..."}
{"timestamp":"2026-02-13T20:03:32.340Z","level":"info","message":"Risk state: 0 consecutive losses, $0 daily P&L"}
{"timestamp":"2026-02-13T20:03:32.340Z","level":"info","message":"Checking daily trade limit..."}
{"timestamp":"2026-02-13T20:03:32.340Z","level":"info","message":"Trades today: 0/5 (remaining: 5)"}
{"timestamp":"2026-02-13T20:03:32.340Z","level":"info","message":"Loading Mika's active signals..."}
{"timestamp":"2026-02-13T20:03:32.341Z","level":"info","message":"Reviewing existing positions..."}
{"timestamp":"2026-02-13T20:03:32.341Z","level":"info","message":"Report saved: /Users/nagomi/.openclaw/workspace/projects/nagomi-capital/memory/hourly-check-1771013012341.json"}
{"timestamp":"2026-02-13T20:32:52.657Z","level":"info","message":"Checking VIX..."}
{"timestamp":"2026-02-13T20:32:52.657Z","level":"info","message":"VIX: 20 (threshold: 25)","acceptable":true}
{"timestamp":"2026-02-13T20:32:52.657Z","level":"info","message":"Loading risk state..."}
{"timestamp":"2026-02-13T20:32:52.658Z","level":"info","message":"Risk state: 0 consecutive losses, $0 daily P&L"}
{"timestamp":"2026-02-13T20:32:52.659Z","level":"info","message":"Checking daily trade limit..."}
{"timestamp":"2026-02-13T20:32:52.659Z","level":"info","message":"Trades today: 0/5 (remaining: 5)"}
{"timestamp":"2026-02-13T20:32:52.659Z","level":"info","message":"Loading Mika's active signals..."}
{"timestamp":"2026-02-13T20:32:52.659Z","level":"info","message":"Reviewing existing positions..."}
{"timestamp":"2026-02-13T20:32:52.659Z","level":"info","message":"Report saved: /Users/nagomi/.openclaw/workspace/projects/nagomi-capital/memory/hourly-check-1771014772659.json"}
